<?xml version="1.0" encoding="UTF-8"?>
<!-- Generated by org.testng.reporters.JUnitXMLReporter -->
<testsuite ignored="0" hostname="Alephs-MacBook-Pro.local" failures="0" tests="7" name="validGet" time="2.341" errors="0" timestamp="2023-03-19T13:48:54 ICT">
  <testcase classname="Lab8.Example1Test" name="TS01_StatusCodeChecked" time="0.005"/>
  <testcase classname="Lab8.Example1Test" name="TS02_IdChecked" time="0.018"/>
  <testcase classname="Lab8.Example1Test" name="TS03_EmailChecked" time="0.001"/>
  <testcase classname="Lab8.Example1Test" name="TS04_FirstNameChecked" time="0.001"/>
  <testcase classname="Lab8.Example1Test" name="TS05_LastNameChecked" time="0.001"/>
  <testcase classname="Lab8.Example1Test" name="TS06_AvatarChecked" time="0.0"/>
  <testcase classname="Lab8.Example1Test" name="TS07_UserIdChecked" time="0.437"/>
</testsuite> <!-- validGet -->
