<?xml version="1.0" encoding="UTF-8"?>
<testng-results ignored="0" total="2" passed="2" failed="0" skipped="0">
  <reporter-output>
  </reporter-output>
  <suite started-at="2023-03-15T15:32:54 ICT" name="Default suite" finished-at="2023-03-15T15:33:31 ICT" duration-ms="36746">
    <groups>
    </groups>
    <test started-at="2023-03-15T15:32:54 ICT" name="Default test" finished-at="2023-03-15T15:33:31 ICT" duration-ms="36746">
      <class name="Lab_7_Selenium.Lab7DemoTest">
        <test-method is-config="true" signature="init()[pri:0, instance:Lab_7_Selenium.Lab7DemoTest@63a12c68]" started-at="2023-03-15T15:32:54 ICT" name="init" finished-at="2023-03-15T15:32:57 ICT" duration-ms="2562" status="PASS">
          <reporter-output>
          </reporter-output>
        </test-method> <!-- init -->
        <test-method signature="TC01_LoginFirstAccount()[pri:0, instance:Lab_7_Selenium.Lab7DemoTest@63a12c68]" started-at="2023-03-15T15:32:57 ICT" name="TC01_LoginFirstAccount" finished-at="2023-03-15T15:33:13 ICT" duration-ms="15718" status="PASS">
          <reporter-output>
          </reporter-output>
        </test-method> <!-- TC01_LoginFirstAccount -->
        <test-method is-config="true" signature="takeScreenshot(org.testng.ITestResult)[pri:0, instance:Lab_7_Selenium.Lab7DemoTest@63a12c68]" started-at="2023-03-15T15:33:13 ICT" name="takeScreenshot" finished-at="2023-03-15T15:33:14 ICT" duration-ms="1006" status="PASS">
          <params>
            <param index="0">
              <value>
                <![CDATA[[TestResult name=TC01_LoginFirstAccount status=SUCCESS method=Lab7DemoTest.TC01_LoginFirstAccount()[pri:0, instance:Lab_7_Selenium.Lab7DemoTest@63a12c68] output={null}]]]>
              </value>
            </param>
          </params>
          <reporter-output>
          </reporter-output>
        </test-method> <!-- takeScreenshot -->
        <test-method signature="TC02_LoginSecondAccount()[pri:1, instance:Lab_7_Selenium.Lab7DemoTest@63a12c68]" started-at="2023-03-15T15:33:14 ICT" name="TC02_LoginSecondAccount" finished-at="2023-03-15T15:33:30 ICT" duration-ms="16199" status="PASS">
          <reporter-output>
          </reporter-output>
        </test-method> <!-- TC02_LoginSecondAccount -->
        <test-method is-config="true" signature="takeScreenshot(org.testng.ITestResult)[pri:0, instance:Lab_7_Selenium.Lab7DemoTest@63a12c68]" started-at="2023-03-15T15:33:30 ICT" name="takeScreenshot" finished-at="2023-03-15T15:33:31 ICT" duration-ms="1004" status="PASS">
          <params>
            <param index="0">
              <value>
                <![CDATA[[TestResult name=TC02_LoginSecondAccount status=SUCCESS method=Lab7DemoTest.TC02_LoginSecondAccount()[pri:1, instance:Lab_7_Selenium.Lab7DemoTest@63a12c68] output={null}]]]>
              </value>
            </param>
          </params>
          <reporter-output>
          </reporter-output>
        </test-method> <!-- takeScreenshot -->
        <test-method is-config="true" signature="terminate()[pri:0, instance:Lab_7_Selenium.Lab7DemoTest@63a12c68]" started-at="2023-03-15T15:33:31 ICT" name="terminate" finished-at="2023-03-15T15:33:31 ICT" duration-ms="213" status="PASS">
          <reporter-output>
          </reporter-output>
        </test-method> <!-- terminate -->
      </class> <!-- Lab_7_Selenium.Lab7DemoTest -->
    </test> <!-- Default test -->
  </suite> <!-- Default suite -->
</testng-results>
