<?xml version="1.0" encoding="UTF-8"?>
<!-- Generated by org.testng.reporters.JUnitXMLReporter -->
<testsuite ignored="0" hostname="Alephs-MacBook-Pro.local" failures="0" tests="7" name="validPost" time="8.62" errors="0" timestamp="2023-03-19T13:45:15 ICT">
  <testcase classname="demo.Example1Test" name="TC01_StatusCodeTest" time="0.005"/>
  <testcase classname="demo.Example1Test" name="TC02_IdChecked" time="0.01"/>
  <testcase classname="demo.Example1Test" name="TC03_CreatedAtChecked" time="0.001"/>
  <testcase classname="demo.Example1Test" name="TC04_verifyOnMatchingName" time="0.435"/>
  <testcase classname="demo.Example1Test" name="TC05_verifyOnMatchingGender" time="0.012"/>
  <testcase classname="demo.Example1Test" name="TC06_verifyOnMatchingAge" time="0.01"/>
  <testcase classname="demo.Example1Test" name="TC07_verifyOnMatchingJob" time="0.01"/>
</testsuite> <!-- validPost -->
