<?xml version="1.0" encoding="UTF-8"?>
<!-- Generated by org.testng.reporters.JUnitXMLReporter -->
<testsuite ignored="0" hostname="Alephs-MacBook-Pro.local" failures="1" tests="5" name="Login" time="3.339" errors="0" timestamp="2023-03-24T20:22:56 ICT">
  <testcase classname="com.api.auto.testcase.TC_API_Login" name="TC01_Validate200ok" time="0.006"/>
  <testcase classname="com.api.auto.testcase.TC_API_Login" name="TC02_ValidateMessage" time="0.022"/>
  <testcase classname="com.api.auto.testcase.TC_API_Login" name="TC03_ValidateToken" time="0.001"/>
  <testcase classname="com.api.auto.testcase.TC_API_Login" name="TC04_ValidateUserType" time="0.027"/>
  <testcase classname="com.api.auto.testcase.TC_API_Login" name="TC05_ValidateAccount" time="0.044">
    <failure type="java.lang.AssertionError" message="Response Password is different with User password! expected [Abc135790] but found [Abc13579]">
      <![CDATA[java.lang.AssertionError: Response Password is different with User password! expected [Abc135790] but found [Abc13579]
at com.api.auto.testcase.TC_API_Login.TC05_ValidateAccount(TC_API_Login.java:86)
at java.base/java.util.ArrayList.forEach(ArrayList.java:1511)
... Removed 32 stack frames]]>
    </failure>
  </testcase> <!-- TC05_ValidateAccount -->
</testsuite> <!-- Login -->
